<?xml version="1.0" encoding="UTF-8"?>
<!-- Generated by org.testng.reporters.JUnitReportReporter -->
<testsuite hostname="DESKTOP-85O4IHO" failures="0" tests="1" name="com.orgtest.TestSample" time="6.016" errors="0" timestamp="2022-03-01T13:21:31 EST" skipped="0">
  <testcase classname="com.orgtest.TestSample" name="sample" time="6.016"/>
  <system-out/>
</testsuite> <!-- com.orgtest.TestSample -->
