<?xml version="1.0" encoding="UTF-8"?>
<!-- Generated by org.testng.reporters.JUnitReportReporter -->
<testsuite hostname="DESKTOP-85O4IHO" failures="0" tests="1" name="com.orgtest.MintSample" time="3.869" errors="0" timestamp="2022-03-01T21:56:20 EST" skipped="0">
  <testcase classname="com.orgtest.MintSample" name="mint" time="3.869"/>
  <system-out/>
</testsuite> <!-- com.orgtest.MintSample -->
