<?xml version="1.0" encoding="UTF-8"?>
<!-- Generated by org.testng.reporters.JUnitReportReporter -->
<testsuite hostname="DESKTOP-85O4IHO" failures="0" tests="3" name="com.orgtest.Sample2" time="0.012" errors="0" timestamp="2022-03-01T19:56:40 EST" skipped="0">
  <testcase classname="com.orgtest.Sample2" name="tiger" time="0.009"/>
  <system-out/>
  <testcase classname="com.orgtest.Sample2" name="lion" time="0.001"/>
  <system-out/>
  <testcase classname="com.orgtest.Sample2" name="elephant" time="0.002"/>
  <system-out/>
</testsuite> <!-- com.orgtest.Sample2 -->
