<?xml version="1.0" encoding="UTF-8"?>
<!-- Generated by org.testng.reporters.JUnitReportReporter -->
<testsuite hostname="DESKTOP-85O4IHO" failures="0" tests="1" name="com.orgtest.ExampleTest" time="0.002" errors="0" timestamp="2022-03-01T08:10:00 EST" skipped="0">
  <testcase classname="com.orgtest.ExampleTest" name="nine" time="0.002"/>
  <system-out/>
</testsuite> <!-- com.orgtest.ExampleTest -->
