<?xml version="1.0" encoding="UTF-8"?>
<!-- Generated by org.testng.reporters.JUnitReportReporter -->
<testsuite hostname="DESKTOP-85O4IHO" failures="0" tests="3" name="com.orgtest.PrioritySample" time="0.013" errors="0" timestamp="2022-03-01T19:54:09 EST" skipped="0">
  <testcase classname="com.orgtest.PrioritySample" name="grapes" time="0.011"/>
  <system-out/>
  <testcase classname="com.orgtest.PrioritySample" name="orange" time="0.001"/>
  <system-out/>
  <testcase classname="com.orgtest.PrioritySample" name="banana" time="0.001"/>
  <system-out/>
</testsuite> <!-- com.orgtest.PrioritySample -->
