<?xml version="1.0" encoding="UTF-8"?>
<!-- Generated by org.testng.reporters.JUnitReportReporter -->
<testsuite hostname="DESKTOP-85O4IHO" failures="0" tests="2" name="com.orgtest.MedPlusSample" time="10.241" errors="0" timestamp="2022-03-01T21:56:20 EST" skipped="0">
  <testcase classname="com.orgtest.MedPlusSample" name="medplus" time="5.601"/>
  <system-out/>
  <testcase classname="com.orgtest.MedPlusSample" name="mint" time="4.640"/>
  <system-out/>
</testsuite> <!-- com.orgtest.MedPlusSample -->
