<?xml version="1.0" encoding="UTF-8"?>
<!-- Generated by org.testng.reporters.JUnitReportReporter -->
<testsuite hostname="DESKTOP-85O4IHO" failures="0" tests="1" name="com.orgtest.FrameTest" time="16.164" errors="0" timestamp="2022-03-01T08:10:00 EST" skipped="0">
  <testcase classname="com.orgtest.FrameTest" name="frame" time="16.164"/>
  <system-out/>
</testsuite> <!-- com.orgtest.FrameTest -->
